zlatangd :1           Sun Nov  8 12:18   still logged in    :1
reboot   system boot  Sun Nov  8 12:17   still running      5.4.0-52-generic
zlatangd :1           Sat Nov  7 10:05 - down   (07:13)     :1
reboot   system boot  Sat Nov  7 10:03 - 17:18  (07:14)     5.4.0-52-generic
zlatangd :1           Fri Nov  6 13:17 - down   (07:02)     :1
reboot   system boot  Fri Nov  6 13:12 - 20:20  (07:07)     5.4.0-52-generic
reboot   system boot  Fri Nov  6 13:02 - 20:20  (07:17)     5.4.0-52-generic
reboot   system boot  Fri Nov  6 11:11 - 20:20  (09:09)     5.4.0-52-generic
zlatangd :1           Thu Nov  5 14:47 - down   (05:16)     :1
reboot   system boot  Thu Nov  5 13:37 - 20:04  (06:27)     5.4.0-52-generic
zlatangd :1           Wed Nov  4 13:38 - down   (10:01)     :1
reboot   system boot  Wed Nov  4 13:33 - 23:39  (10:05)     5.4.0-52-generic
zlatangd :1           Wed Nov  4 10:04 - down   (03:15)     :1
reboot   system boot  Wed Nov  4 11:03 - 13:19  (02:16)     5.4.0-52-generic
zlatangd :1           Tue Nov  3 15:03 - down   (02:10)     :1
reboot   system boot  Tue Nov  3 15:02 - 17:13  (02:11)     5.4.0-42-generic
zlatangd :1           Tue Nov  3 08:47 - down   (00:00)     :1
reboot   system boot  Tue Nov  3 09:46 - 08:47  (-00:58)    5.4.0-42-generic
zlatangd :1           Mon Nov  2 15:18 - down   (04:12)     :1
reboot   system boot  Mon Nov  2 15:17 - 19:31  (04:13)     5.4.0-42-generic
zlatangd :1           Mon Nov  2 12:32 - down   (02:45)     :1
reboot   system boot  Mon Nov  2 12:31 - 15:17  (02:46)     5.4.0-42-generic
zlatangd :1           Mon Nov  2 12:15 - down   (00:15)     :1
reboot   system boot  Mon Nov  2 12:14 - 12:30  (00:16)     5.4.0-42-generic
zlatangd :1           Mon Nov  2 12:12 - down   (00:01)     :1
reboot   system boot  Mon Nov  2 12:11 - 12:13  (00:02)     5.4.0-42-generic
zlatangd :1           Mon Nov  2 12:08 - down   (00:02)     :1
reboot   system boot  Mon Nov  2 12:07 - 12:11  (00:03)     5.4.0-42-generic
zlatangd :1           Mon Nov  2 11:51 - down   (00:15)     :1
reboot   system boot  Mon Nov  2 11:50 - 12:07  (00:16)     5.4.0-42-generic
zlatangd :1           Mon Nov  2 13:15 - down   (-1:29)     :1
reboot   system boot  Mon Nov  2 13:14 - 11:45  (-1:28)     5.4.0-42-generic

wtmp begins Mon Nov  2 13:14:08 2020
